<?xml version="1.0" encoding="UTF-8"?>
<!-- Generated by org.testng.reporters.JUnitReportReporter -->
<testsuite hostname="ShyamAcer" failures="0" tests="1" name="JavaStreamsSelenium.JavaStreamMap_L115" time="0.006" errors="0" timestamp="28 May 2025 12:38:49 GMT" skipped="0">
  <testcase classname="JavaStreamsSelenium.JavaStreamMap_L115" name="StreamMap" time="0.006"/>
</testsuite> <!-- JavaStreamsSelenium.JavaStreamMap_L115 -->
