<?xml version="1.0" encoding="UTF-8"?>
<!-- Generated by org.testng.reporters.JUnitReportReporter -->
<testsuite hostname="LAPTOP-64SSBNLN" failures="0" tests="1" name="JavaStreamsSelenium.MergedTwoArrayList" time="0.026" errors="0" timestamp="2024-04-14T23:51:02 IST" skipped="0">
  <testcase classname="JavaStreamsSelenium.MergedTwoArrayList" name="mergeTwoList" time="0.026"/>
</testsuite> <!-- JavaStreamsSelenium.MergedTwoArrayList -->
