<?xml version="1.0" encoding="UTF-8"?>
<!-- Generated by org.testng.reporters.JUnitReportReporter -->
<testsuite hostname="LAPTOP-64SSBNLN" failures="0" tests="1" name="AddingItemToCart" time="17.131" errors="0" timestamp="2024-04-09T16:53:40 IST" skipped="0">
  <testcase classname="AddingItemToCart" name="AddToCart" time="17.131"/>
</testsuite> <!-- AddingItemToCart -->
