<?xml version="1.0" encoding="UTF-8"?>
<!-- Generated by org.testng.reporters.JUnitReportReporter -->
<testsuite hostname="LAPTOP-64SSBNLN" failures="0" tests="1" name="locatorsIdentification" time="16.609" errors="0" timestamp="2024-03-31T23:11:48 IST" skipped="0">
  <testcase classname="locatorsIdentification" name="testLocators" time="16.609"/>
  <system-out/>
</testsuite> <!-- locatorsIdentification -->
