<?xml version="1.0" encoding="UTF-8"?>
<!-- Generated by org.testng.reporters.JUnitReportReporter -->
<testsuite hostname="LAPTOP-64SSBNLN" failures="0" tests="1" name="AssertionConcept" time="35.094" errors="0" timestamp="2024-04-08T17:53:09 IST" skipped="0">
  <testcase classname="AssertionConcept" name="AssertionTest" time="35.094"/>
</testsuite> <!-- AssertionConcept -->
