<?xml version="1.0" encoding="UTF-8"?>
<!-- Generated by org.testng.reporters.JUnitReportReporter -->
<testsuite hostname="LAPTOP-64SSBNLN" failures="0" tests="1" name="AddToCart2" time="15.981" errors="0" timestamp="2024-04-10T14:53:09 IST" skipped="0">
  <testcase classname="AddToCart2" name="AddindToCart" time="15.981"/>
</testsuite> <!-- AddToCart2 -->
