<?xml version="1.0" encoding="UTF-8"?>
<!-- Generated by org.testng.reporters.JUnitReportReporter -->
<testsuite hostname="ShyamAcer" failures="0" tests="1" name="JavaStreamsSelenium.JavaStreamMap" time="0.010" errors="0" timestamp="30 May 2024 11:48:19 GMT" skipped="0">
  <testcase classname="JavaStreamsSelenium.JavaStreamMap" name="StreamMap" time="0.010"/>
</testsuite> <!-- JavaStreamsSelenium.JavaStreamMap -->
