<?xml version="1.0" encoding="UTF-8"?>
<!-- Generated by org.testng.reporters.JUnitReportReporter -->
<testsuite hostname="ShyamAcer" failures="0" tests="1" name="JavaStreamsSelenium.PrintinJavaStream" time="0.011" errors="0" timestamp="04 Jun 2025 13:15:45 GMT" skipped="0">
  <testcase classname="JavaStreamsSelenium.PrintinJavaStream" name="streamFilter" time="0.011"/>
</testsuite> <!-- JavaStreamsSelenium.PrintinJavaStream -->
