<?xml version="1.0" encoding="UTF-8"?>
<!-- Generated by org.testng.reporters.JUnitReportReporter -->
<testsuite hostname="ShyamAcer" failures="0" tests="1" name="JavaStreamsSelenium.JavaStreamMap_L115" time="0.010" errors="0" timestamp="01 Jun 2024 03:56:03 GMT" skipped="0">
  <testcase classname="JavaStreamsSelenium.JavaStreamMap_L115" name="StreamMap" time="0.010"/>
</testsuite> <!-- JavaStreamsSelenium.JavaStreamMap_L115 -->
