<?xml version="1.0" encoding="UTF-8"?>
<!-- Generated by org.testng.reporters.JUnitReportReporter -->
<testsuite hostname="LAPTOP-64SSBNLN" failures="0" tests="1" name="JavaStreamsSelenium.SampleTest2" time="0.012" errors="0" timestamp="2024-04-14T18:30:54 IST" skipped="0">
  <testcase classname="JavaStreamsSelenium.SampleTest2" name="regular" time="0.012"/>
</testsuite> <!-- JavaStreamsSelenium.SampleTest2 -->
