<?xml version="1.0" encoding="UTF-8"?>
<!-- Generated by org.testng.reporters.JUnitReportReporter -->
<testsuite hostname="LAPTOP-64SSBNLN" failures="0" tests="1" name="JavaStreamsSelenium.StreamCollectConcepts" time="0.023" errors="0" timestamp="2024-04-15T13:36:12 IST" skipped="0">
  <testcase classname="JavaStreamsSelenium.StreamCollectConcepts" name="streamCollect" time="0.023"/>
</testsuite> <!-- JavaStreamsSelenium.StreamCollectConcepts -->
