<?xml version="1.0" encoding="UTF-8"?>
<!-- Generated by org.testng.reporters.JUnitReportReporter -->
<testsuite hostname="ShyamAcer" failures="0" tests="1" name="UiElementEnabledDisabled_L64" time="9.376" errors="0" timestamp="08 Mar 2025 20:15:28 GMT" skipped="0">
  <testcase classname="UiElementEnabledDisabled_L64" name="uIEnabledAndDisabledTest" time="9.376"/>
</testsuite> <!-- UiElementEnabledDisabled_L64 -->
