<?xml version="1.0" encoding="UTF-8"?>
<!-- Generated by org.testng.reporters.JUnitReportReporter -->
<testsuite hostname="LAPTOP-64SSBNLN" failures="0" tests="1" name="JavaStreamsSelenium.JavaStreamMap" time="0.015" errors="0" timestamp="2024-04-14T23:39:20 IST" skipped="0">
  <testcase classname="JavaStreamsSelenium.JavaStreamMap" name="StreamMap" time="0.015"/>
</testsuite> <!-- JavaStreamsSelenium.JavaStreamMap -->
