<?xml version="1.0" encoding="UTF-8"?>
<!-- Generated by org.testng.reporters.JUnitReportReporter -->
<testsuite hostname="ShyamAcer" failures="0" tests="1" name="JavaStreamsSelenium.MergedTwoArrayList" time="0.010" errors="0" timestamp="31 May 2024 14:42:13 GMT" skipped="0">
  <testcase classname="JavaStreamsSelenium.MergedTwoArrayList" name="mergeTwoList" time="0.010"/>
</testsuite> <!-- JavaStreamsSelenium.MergedTwoArrayList -->
