<?xml version="1.0" encoding="UTF-8"?>
<!-- Generated by org.testng.reporters.JUnitReportReporter -->
<testsuite hostname="LAPTOP-64SSBNLN" failures="0" tests="1" name="OppsForFrameWork.PS1" time="0.011" errors="0" timestamp="2024-04-14T18:00:27 IST" skipped="0">
  <testcase classname="OppsForFrameWork.PS1" name="testRun" time="0.011"/>
</testsuite> <!-- OppsForFrameWork.PS1 -->
