<?xml version="1.0" encoding="UTF-8"?>
<!-- Generated by org.testng.reporters.JUnitReportReporter -->
<testsuite hostname="ShyamAcer" failures="0" tests="1" name="AddToCart1_L72" time="9.065" errors="0" timestamp="29 May 2024 01:15:26 GMT" skipped="0">
  <testcase classname="AddToCart1_L72" name="Cart2" time="9.065"/>
</testsuite> <!-- AddToCart1_L72 -->
