<?xml version="1.0" encoding="UTF-8"?>
<!-- Generated by org.testng.reporters.JUnitReportReporter -->
<testsuite hostname="ShyamAcer" failures="0" tests="1" name="AddToCart2_73" time="8.865" errors="0" timestamp="16 Mar 2025 20:25:34 GMT" skipped="0">
  <testcase classname="AddToCart2_73" name="AddindToCart" time="8.865"/>
</testsuite> <!-- AddToCart2_73 -->
