<?xml version="1.0" encoding="UTF-8"?>
<!-- Generated by org.testng.reporters.JUnitReportReporter -->
<testsuite hostname="LAPTOP-64SSBNLN" failures="0" tests="1" name="UiElementEnabledDisabled" time="37.055" errors="0" timestamp="2024-04-09T12:45:39 IST" skipped="0">
  <testcase classname="UiElementEnabledDisabled" name="uIEnabledAndDisabledTest" time="37.055"/>
</testsuite> <!-- UiElementEnabledDisabled -->
