<?xml version="1.0" encoding="UTF-8"?>
<!-- Generated by org.testng.reporters.JUnitReportReporter -->
<testsuite hostname="ShyamAcer" failures="0" tests="1" name="JavaStreamsSelenium.StreamCollectConcepts_Map" time="0.009" errors="0" timestamp="31 May 2024 14:37:57 GMT" skipped="0">
  <testcase classname="JavaStreamsSelenium.StreamCollectConcepts_Map" name="streamCollect" time="0.009"/>
</testsuite> <!-- JavaStreamsSelenium.StreamCollectConcepts_Map -->
