<?xml version="1.0" encoding="UTF-8"?>
<!-- Generated by org.testng.reporters.JUnitReportReporter -->
<testsuite hostname="LAPTOP-64SSBNLN" failures="0" tests="1" name="advanceLocatorIdentification" time="12.432" errors="0" timestamp="2024-03-31T01:58:48 IST" skipped="0">
  <testcase classname="advanceLocatorIdentification" name="testLocators" time="12.432"/>
  <system-out/>
</testsuite> <!-- advanceLocatorIdentification -->
