<?xml version="1.0" encoding="UTF-8"?>
<!-- Generated by org.testng.reporters.JUnitReportReporter -->
<testsuite hostname="LAPTOP-64SSBNLN" failures="0" tests="1" name="AddToCart1" time="19.781" errors="0" timestamp="2024-04-10T14:52:19 IST" skipped="0">
  <testcase classname="AddToCart1" name="Cart2" time="19.781"/>
</testsuite> <!-- AddToCart1 -->
