<?xml version="1.0" encoding="UTF-8"?>
<!-- Generated by org.testng.reporters.JUnitReportReporter -->
<testsuite hostname="LAPTOP-64SSBNLN" failures="0" tests="1" name="testNGcheck" time="0.014" errors="0" timestamp="2024-03-31T01:56:15 IST" skipped="0">
  <testcase classname="testNGcheck" name="print" time="0.014"/>
  <system-out/>
</testsuite> <!-- testNGcheck -->
