<?xml version="1.0" encoding="UTF-8"?>
<!-- Generated by org.testng.reporters.JUnitReportReporter -->
<testsuite hostname="ShyamAcer" failures="0" tests="1" name="AddToCart1_L72" time="7.056" errors="0" timestamp="23 Feb 2025 18:10:50 GMT" skipped="0">
  <testcase classname="AddToCart1_L72" name="Cart2" time="7.056"/>
</testsuite> <!-- AddToCart1_L72 -->
