<?xml version="1.0" encoding="UTF-8"?>
<!-- Generated by org.testng.reporters.JUnitReportReporter -->
<testsuite hostname="ShyamAcer" failures="0" tests="1" name="JavaStreamsSelenium.StreamCollectConcepts_Map_SN_4" time="0.014" errors="0" timestamp="04 Jun 2025 13:25:51 GMT" skipped="0">
  <testcase classname="JavaStreamsSelenium.StreamCollectConcepts_Map_SN_4" name="streamCollect" time="0.014"/>
</testsuite> <!-- JavaStreamsSelenium.StreamCollectConcepts_Map_SN_4 -->
