<?xml version="1.0" encoding="UTF-8"?>
<!-- Generated by org.testng.reporters.JUnitReportReporter -->
<testsuite hostname="ShyamAcer" failures="0" tests="1" name="JavaStreamsSelenium.MergedTwoArrayList" time="0.017" errors="0" timestamp="05 Jun 2024 02:30:30 GMT" skipped="0">
  <testcase classname="JavaStreamsSelenium.MergedTwoArrayList" name="mergeTwoList" time="0.017"/>
</testsuite> <!-- JavaStreamsSelenium.MergedTwoArrayList -->
