<?xml version="1.0" encoding="UTF-8"?>
<!-- Generated by org.testng.reporters.JUnitReportReporter -->
<testsuite hostname="LAPTOP-64SSBNLN" failures="0" tests="1" name="JavaAlertInSelenium" time="19.506" errors="0" timestamp="2024-04-09T15:16:45 IST" skipped="0">
  <testcase classname="JavaAlertInSelenium" name="handleAlerts" time="19.506"/>
</testsuite> <!-- JavaAlertInSelenium -->
