<?xml version="1.0" encoding="UTF-8"?>
<!-- Generated by org.testng.reporters.JUnitReportReporter -->
<testsuite hostname="ShyamAcer" failures="0" tests="1" name="JavaAlertInSelenium" time="29.027" errors="0" timestamp="16 May 2024 12:15:29 GMT" skipped="0">
  <testcase classname="JavaAlertInSelenium" name="handleAlerts" time="29.027"/>
</testsuite> <!-- JavaAlertInSelenium -->
